  CameraCodeFW151.cpp
C:\Users\alada\JC_Code\JC-SDKIntegration\CameraCodeFW151\SDK&Demo_V2.5.1.230517\SDK\C++\include\JcSmartDevice2.0\SI_ParmsBase.h(242,25): warning C4251: 'JC::JcNotifyBase::m_pData': class 'std::shared_ptr<JC::JcNotifyDataBase>' needs to have dll-interface to be used by clients of class 'JC::JcNotifyBase'
C:\Users\alada\JC_Code\JC-SDKIntegration\CameraCodeFW151\SDK&Demo_V2.5.1.230517\SDK\C++\include\JcSmartDevice2.0\SI_ParmsBase.h(228,14): message : see declaration of 'std::shared_ptr<JC::JcNotifyDataBase>'
C:\Users\alada\JC_Code\JC-SDKIntegration\CameraCodeFW151\SDK&Demo_V2.5.1.230517\SDK\C++\include\JcSmartDevice2.0\SI_ParmsBase.h(243,17): warning C4251: 'JC::JcNotifyBase::m_strJsonData': class 'std::basic_string<char,std::char_traits<char>,std::allocator<char>>' needs to have dll-interface to be used by clients of class 'JC::JcNotifyBase'
C:\Program Files\Microsoft Visual Studio\2022\Community\VC\Tools\MSVC\14.36.32532\include\xstring(5155,29): message : see declaration of 'std::basic_string<char,std::char_traits<char>,std::allocator<char>>'
C:\Users\alada\JC_Code\JC-SDKIntegration\CameraCodeFW151\SDK&Demo_V2.5.1.230517\SDK\C++\include\JcSmartDevice2.0\SI_ParmsBase.h(251,18): warning C4251: 'JC::JcNotifyBase::m_strErrorInfo': class 'std::basic_string<char,std::char_traits<char>,std::allocator<char>>' needs to have dll-interface to be used by clients of class 'JC::JcNotifyBase'
C:\Program Files\Microsoft Visual Studio\2022\Community\VC\Tools\MSVC\14.36.32532\include\xstring(5155,29): message : see declaration of 'std::basic_string<char,std::char_traits<char>,std::allocator<char>>'
C:\Users\alada\JC_Code\JC-SDKIntegration\CameraCodeFW151\SDK&Demo_V2.5.1.230517\SDK\C++\include\JcSmartDevice2.0\SI_ParmsBase.h(317,21): warning C4251: 'JC::JcSmartParamBase::m_pResult': class 'std::shared_ptr<JC::JcNotifyBase>' needs to have dll-interface to be used by clients of class 'JC::JcSmartParamBase'
C:\Users\alada\JC_Code\JC-SDKIntegration\CameraCodeFW151\SDK&Demo_V2.5.1.230517\SDK\C++\include\JcSmartDevice2.0\SI_ParmsBase.h(253,14): message : see declaration of 'std::shared_ptr<JC::JcNotifyBase>'
C:\Users\alada\JC_Code\JC-SDKIntegration\CameraCodeFW151\SDK&Demo_V2.5.1.230517\SDK\C++\include\JcSmartDevice2.0\SI_ParmsBase.h(318,21): warning C4251: 'JC::JcSmartParamBase::m_strClassName': class 'std::basic_string<char,std::char_traits<char>,std::allocator<char>>' needs to have dll-interface to be used by clients of class 'JC::JcSmartParamBase'
C:\Program Files\Microsoft Visual Studio\2022\Community\VC\Tools\MSVC\14.36.32532\include\xstring(5155,29): message : see declaration of 'std::basic_string<char,std::char_traits<char>,std::allocator<char>>'
C:\Users\alada\JC_Code\JC-SDKIntegration\CameraCodeFW151\SDK&Demo_V2.5.1.230517\SDK\C++\include\JcSmartDevice2.0\SI_ParmsBase.h(394,24): warning C4251: 'JC::JcRequestCMD::m_pData': class 'std::shared_ptr<JC::JcCmdInDataBase>' needs to have dll-interface to be used by clients of class 'JC::JcRequestCMD'
C:\Users\alada\JC_Code\JC-SDKIntegration\CameraCodeFW151\SDK&Demo_V2.5.1.230517\SDK\C++\include\JcSmartDevice2.0\SI_ParmsBase.h(264,14): message : see declaration of 'std::shared_ptr<JC::JcCmdInDataBase>'
C:\Users\alada\JC_Code\JC-SDKIntegration\CameraCodeFW151\SDK&Demo_V2.5.1.230517\SDK\C++\include\JcSmartDevice2.0\SI_ParmsBase.h(408,34): warning C4251: 'JC::JcCallBackImg::m_pCallBackImgFunc': class 'std::function<void (cv::Mat)>' needs to have dll-interface to be used by clients of class 'JC::JcCallBackImg'
C:\Users\alada\JC_Code\JC-SDKIntegration\CameraCodeFW151\SDK&Demo_V2.5.1.230517\SDK\C++\include\JcSmartDevice2.0\SI_ParmsBase.h(408,10): message : see declaration of 'std::function<void (cv::Mat)>'
C:\Users\alada\JC_Code\JC-SDKIntegration\CameraCodeFW151\SDK&Demo_V2.5.1.230517\SDK\C++\include\JcSmartDevice2.0\SI_ParmsBase.h(422,51): warning C4251: 'JC::JcPrintLog::m_pPrintLogFunc': class 'std::function<void (std::string,std::string)>' needs to have dll-interface to be used by clients of class 'JC::JcPrintLog'
C:\Users\alada\JC_Code\JC-SDKIntegration\CameraCodeFW151\SDK&Demo_V2.5.1.230517\SDK\C++\include\JcSmartDevice2.0\SI_ParmsBase.h(422,10): message : see declaration of 'std::function<void (std::string,std::string)>'
C:\Users\alada\JC_Code\JC-SDKIntegration\CameraCodeFW151\SDK&Demo_V2.5.1.230517\SDK\C++\include\JcSmartDevice2.0\SI_ParmsBase.h(439,18): warning C4251: 'JC::JcInitDevice::m_strDeviceSN': class 'std::basic_string<char,std::char_traits<char>,std::allocator<char>>' needs to have dll-interface to be used by clients of class 'JC::JcInitDevice'
C:\Program Files\Microsoft Visual Studio\2022\Community\VC\Tools\MSVC\14.36.32532\include\xstring(5155,29): message : see declaration of 'std::basic_string<char,std::char_traits<char>,std::allocator<char>>'
C:\Users\alada\JC_Code\JC-SDKIntegration\CameraCodeFW151\SDK&Demo_V2.5.1.230517\SDK\C++\include\JcSmartDevice2.0\SI_ParmsBase.h(632,17): warning C4251: 'JC::JcAutoExpParam::m_strClassName': class 'std::basic_string<char,std::char_traits<char>,std::allocator<char>>' needs to have dll-interface to be used by clients of class 'JC::JcAutoExpParam'
C:\Program Files\Microsoft Visual Studio\2022\Community\VC\Tools\MSVC\14.36.32532\include\xstring(5155,29): message : see declaration of 'std::basic_string<char,std::char_traits<char>,std::allocator<char>>'
C:\Users\alada\JC_Code\JC-SDKIntegration\CameraCodeFW151\SDK&Demo_V2.5.1.230517\SDK\C++\include\JcSmartDevice2.0\SI_ParmsBase.h(633,17): warning C4251: 'JC::JcAutoExpParam::m_strExpName': class 'std::basic_string<char,std::char_traits<char>,std::allocator<char>>' needs to have dll-interface to be used by clients of class 'JC::JcAutoExpParam'
C:\Program Files\Microsoft Visual Studio\2022\Community\VC\Tools\MSVC\14.36.32532\include\xstring(5155,29): message : see declaration of 'std::basic_string<char,std::char_traits<char>,std::allocator<char>>'
C:\Users\alada\JC_Code\JC-SDKIntegration\CameraCodeFW151\SDK&Demo_V2.5.1.230517\SDK\C++\include\JcSmartDevice2.0\SI_ParmsBase.h(693,17): warning C4251: 'JC::JcDelCalibFile::m_strFileName': class 'std::basic_string<char,std::char_traits<char>,std::allocator<char>>' needs to have dll-interface to be used by clients of class 'JC::JcDelCalibFile'
C:\Program Files\Microsoft Visual Studio\2022\Community\VC\Tools\MSVC\14.36.32532\include\xstring(5155,29): message : see declaration of 'std::basic_string<char,std::char_traits<char>,std::allocator<char>>'
C:\Users\alada\JC_Code\JC-SDKIntegration\CameraCodeFW151\SDK&Demo_V2.5.1.230517\SDK\C++\include\JcSmartDevice2.0\SI_ParmsBase.h(707,13): warning C4251: 'JC::JcNotifyImageData::m_tImage': class 'cv::Mat' needs to have dll-interface to be used by clients of class 'JC::JcNotifyImageData'
C:\Users\alada\JC_Code\JC-SDKIntegration\CameraCodeFW151\SDK&Demo_V2.5.1.230517\SDK\C++\include\opencv2\core\mat.hpp(791,18): message : see declaration of 'cv::Mat'
C:\Users\alada\JC_Code\JC-SDKIntegration\CameraCodeFW151\SDK&Demo_V2.5.1.230517\SDK\C++\include\JcSmartDevice2.0\SI_ParmsBase.h(708,26): warning C4251: 'JC::JcNotifyImageData::m_tImageSpec': class 'std::vector<cv::Mat,std::allocator<cv::Mat>>' needs to have dll-interface to be used by clients of class 'JC::JcNotifyImageData'
C:\Users\alada\JC_Code\JC-SDKIntegration\CameraCodeFW151\SDK&Demo_V2.5.1.230517\SDK\C++\include\opencv2\core\mat.hpp(189,28): message : see declaration of 'std::vector<cv::Mat,std::allocator<cv::Mat>>'
C:\Users\alada\JC_Code\JC-SDKIntegration\CameraCodeFW151\SDK&Demo_V2.5.1.230517\SDK\C++\include\JcSmartDevice2.0\SI_ParmsBase.h(733,17): warning C4251: 'JC::JcCalibration::m_strCSVFilePath': class 'std::basic_string<char,std::char_traits<char>,std::allocator<char>>' needs to have dll-interface to be used by clients of class 'JC::JcCalibration'
C:\Program Files\Microsoft Visual Studio\2022\Community\VC\Tools\MSVC\14.36.32532\include\xstring(5155,29): message : see declaration of 'std::basic_string<char,std::char_traits<char>,std::allocator<char>>'
C:\Users\alada\JC_Code\JC-SDKIntegration\CameraCodeFW151\SDK&Demo_V2.5.1.230517\SDK\C++\include\JcSmartDevice2.0\SI_ParmsBase.h(743,17): warning C4251: 'JC::JcWriteDeviceFile::m_strFilePath': class 'std::basic_string<char,std::char_traits<char>,std::allocator<char>>' needs to have dll-interface to be used by clients of class 'JC::JcWriteDeviceFile'
C:\Program Files\Microsoft Visual Studio\2022\Community\VC\Tools\MSVC\14.36.32532\include\xstring(5155,29): message : see declaration of 'std::basic_string<char,std::char_traits<char>,std::allocator<char>>'
C:\Users\alada\JC_Code\JC-SDKIntegration\CameraCodeFW151\SDK&Demo_V2.5.1.230517\SDK\C++\include\JcSmartDevice2.0\SI_ParmsBase.h(758,30): warning C4251: 'JC::JcNotifyCalibListData::m_vecChromaList': class 'std::vector<cv::String,std::allocator<cv::String>>' needs to have dll-interface to be used by clients of class 'JC::JcNotifyCalibListData'
C:\Users\alada\JC_Code\JC-SDKIntegration\CameraCodeFW151\SDK&Demo_V2.5.1.230517\SDK\C++\include\opencv2\core\persistence.hpp(417,55): message : see declaration of 'std::vector<cv::String,std::allocator<cv::String>>'
C:\Users\alada\JC_Code\JC-SDKIntegration\CameraCodeFW151\SDK&Demo_V2.5.1.230517\SDK\C++\include\JcSmartDevice2.0\SI_ParmsBase.h(759,30): warning C4251: 'JC::JcNotifyCalibListData::m_vecLumList': class 'std::vector<cv::String,std::allocator<cv::String>>' needs to have dll-interface to be used by clients of class 'JC::JcNotifyCalibListData'
C:\Users\alada\JC_Code\JC-SDKIntegration\CameraCodeFW151\SDK&Demo_V2.5.1.230517\SDK\C++\include\opencv2\core\persistence.hpp(417,55): message : see declaration of 'std::vector<cv::String,std::allocator<cv::String>>'
C:\Users\alada\JC_Code\JC-SDKIntegration\CameraCodeFW151\SDK&Demo_V2.5.1.230517\SDK\C++\include\JcSmartDevice2.0\SI_ParmsBase.h(760,30): warning C4251: 'JC::JcNotifyCalibListData::m_vecViewCorrectist': class 'std::vector<cv::String,std::allocator<cv::String>>' needs to have dll-interface to be used by clients of class 'JC::JcNotifyCalibListData'
C:\Users\alada\JC_Code\JC-SDKIntegration\CameraCodeFW151\SDK&Demo_V2.5.1.230517\SDK\C++\include\opencv2\core\persistence.hpp(417,55): message : see declaration of 'std::vector<cv::String,std::allocator<cv::String>>'
C:\Users\alada\JC_Code\JC-SDKIntegration\CameraCodeFW151\SDK&Demo_V2.5.1.230517\SDK\C++\include\JcSmartDevice2.0\SI_ParmsBase.h(761,30): warning C4251: 'JC::JcNotifyCalibListData::m_vecPrivateChromaList': class 'std::vector<cv::String,std::allocator<cv::String>>' needs to have dll-interface to be used by clients of class 'JC::JcNotifyCalibListData'
C:\Users\alada\JC_Code\JC-SDKIntegration\CameraCodeFW151\SDK&Demo_V2.5.1.230517\SDK\C++\include\opencv2\core\persistence.hpp(417,55): message : see declaration of 'std::vector<cv::String,std::allocator<cv::String>>'
C:\Users\alada\JC_Code\JC-SDKIntegration\CameraCodeFW151\SDK&Demo_V2.5.1.230517\SDK\C++\include\JcSmartDevice2.0\SI_ParmsBase.h(762,30): warning C4251: 'JC::JcNotifyCalibListData::m_vecPrivateLumList': class 'std::vector<cv::String,std::allocator<cv::String>>' needs to have dll-interface to be used by clients of class 'JC::JcNotifyCalibListData'
C:\Users\alada\JC_Code\JC-SDKIntegration\CameraCodeFW151\SDK&Demo_V2.5.1.230517\SDK\C++\include\opencv2\core\persistence.hpp(417,55): message : see declaration of 'std::vector<cv::String,std::allocator<cv::String>>'
C:\Users\alada\JC_Code\JC-SDKIntegration\CameraCodeFW151\SDK&Demo_V2.5.1.230517\SDK\C++\include\JcSmartDevice2.0\SI_ParmsBase.h(763,30): warning C4251: 'JC::JcNotifyCalibListData::m_vecUserChromaList': class 'std::vector<cv::String,std::allocator<cv::String>>' needs to have dll-interface to be used by clients of class 'JC::JcNotifyCalibListData'
C:\Users\alada\JC_Code\JC-SDKIntegration\CameraCodeFW151\SDK&Demo_V2.5.1.230517\SDK\C++\include\opencv2\core\persistence.hpp(417,55): message : see declaration of 'std::vector<cv::String,std::allocator<cv::String>>'
C:\Users\alada\JC_Code\JC-SDKIntegration\CameraCodeFW151\SDK&Demo_V2.5.1.230517\SDK\C++\include\JcSmartDevice2.0\SI_ParmsBase.h(764,30): warning C4251: 'JC::JcNotifyCalibListData::m_vecUserLumList': class 'std::vector<cv::String,std::allocator<cv::String>>' needs to have dll-interface to be used by clients of class 'JC::JcNotifyCalibListData'
C:\Users\alada\JC_Code\JC-SDKIntegration\CameraCodeFW151\SDK&Demo_V2.5.1.230517\SDK\C++\include\opencv2\core\persistence.hpp(417,55): message : see declaration of 'std::vector<cv::String,std::allocator<cv::String>>'
C:\Users\alada\JC_Code\JC-SDKIntegration\CameraCodeFW151\SDK&Demo_V2.5.1.230517\SDK\C++\include\JcSmartDevice2.0\SI_ParmsBase.h(767,43): warning C4251: 'JC::JcNotifyCalibListData::m_vecSecondaryRadioList': class 'std::vector<std::vector<cv::String,std::allocator<cv::String>>,std::allocator<std::vector<cv::String,std::allocator<cv::String>>>>' needs to have dll-interface to be used by clients of class 'JC::JcNotifyCalibListData'
C:\Users\alada\JC_Code\JC-SDKIntegration\CameraCodeFW151\SDK&Demo_V2.5.1.230517\SDK\C++\include\JcSmartDevice2.0\SI_ParmsBase.h(767,10): message : see declaration of 'std::vector<std::vector<cv::String,std::allocator<cv::String>>,std::allocator<std::vector<cv::String,std::allocator<cv::String>>>>'
C:\Users\alada\JC_Code\JC-SDKIntegration\CameraCodeFW151\SDK&Demo_V2.5.1.230517\SDK\C++\include\JcSmartDevice2.0\SI_ParmsBase.h(768,30): warning C4251: 'JC::JcNotifyCalibListData::m_vecSpectroApplyCalibList': class 'std::vector<cv::String,std::allocator<cv::String>>' needs to have dll-interface to be used by clients of class 'JC::JcNotifyCalibListData'
C:\Users\alada\JC_Code\JC-SDKIntegration\CameraCodeFW151\SDK&Demo_V2.5.1.230517\SDK\C++\include\opencv2\core\persistence.hpp(417,55): message : see declaration of 'std::vector<cv::String,std::allocator<cv::String>>'
C:\Users\alada\JC_Code\JC-SDKIntegration\CameraCodeFW151\SDK&Demo_V2.5.1.230517\SDK\C++\include\JcSmartDevice2.0\SI_ParmsBase.h(770,30): warning C4251: 'JC::JcNotifyCalibListData::m_vecPrivPreCalibList': class 'std::vector<cv::String,std::allocator<cv::String>>' needs to have dll-interface to be used by clients of class 'JC::JcNotifyCalibListData'
C:\Users\alada\JC_Code\JC-SDKIntegration\CameraCodeFW151\SDK&Demo_V2.5.1.230517\SDK\C++\include\opencv2\core\persistence.hpp(417,55): message : see declaration of 'std::vector<cv::String,std::allocator<cv::String>>'
C:\Users\alada\JC_Code\JC-SDKIntegration\CameraCodeFW151\SDK&Demo_V2.5.1.230517\SDK\C++\include\JcSmartDevice2.0\SI_ParmsBase.h(771,30): warning C4251: 'JC::JcNotifyCalibListData::m_vecUserPreCalibList': class 'std::vector<cv::String,std::allocator<cv::String>>' needs to have dll-interface to be used by clients of class 'JC::JcNotifyCalibListData'
C:\Users\alada\JC_Code\JC-SDKIntegration\CameraCodeFW151\SDK&Demo_V2.5.1.230517\SDK\C++\include\opencv2\core\persistence.hpp(417,55): message : see declaration of 'std::vector<cv::String,std::allocator<cv::String>>'
C:\Users\alada\JC_Code\JC-SDKIntegration\CameraCodeFW151\SDK&Demo_V2.5.1.230517\SDK\C++\include\JcSmartDevice2.0\SI_ParmsBase.h(800,17): warning C4251: 'JC::JcCalibrationFile::m_strFileName': class 'std::basic_string<char,std::char_traits<char>,std::allocator<char>>' needs to have dll-interface to be used by clients of class 'JC::JcCalibrationFile'
C:\Program Files\Microsoft Visual Studio\2022\Community\VC\Tools\MSVC\14.36.32532\include\xstring(5155,29): message : see declaration of 'std::basic_string<char,std::char_traits<char>,std::allocator<char>>'
C:\Users\alada\JC_Code\JC-SDKIntegration\CameraCodeFW151\SDK&Demo_V2.5.1.230517\SDK\C++\include\JcSmartDevice2.0\SI_ParmsBase.h(818,17): warning C4251: 'JC::JcCalibrationInfo::m_strAlgType': class 'std::basic_string<char,std::char_traits<char>,std::allocator<char>>' needs to have dll-interface to be used by clients of class 'JC::JcCalibrationInfo'
C:\Program Files\Microsoft Visual Studio\2022\Community\VC\Tools\MSVC\14.36.32532\include\xstring(5155,29): message : see declaration of 'std::basic_string<char,std::char_traits<char>,std::allocator<char>>'
C:\Users\alada\JC_Code\JC-SDKIntegration\CameraCodeFW151\SDK&Demo_V2.5.1.230517\SDK\C++\include\JcSmartDevice2.0\SI_ParmsBase.h(868,35): warning C4251: 'JC::JcNotifyCalibtData::m_vecExpTime': class 'std::vector<std::vector<int,std::allocator<int>>,std::allocator<std::vector<int,std::allocator<int>>>>' needs to have dll-interface to be used by clients of class 'JC::JcNotifyCalibtData'
C:\Users\alada\JC_Code\JC-SDKIntegration\CameraCodeFW151\SDK&Demo_V2.5.1.230517\SDK\C++\include\JcSmartDevice2.0\SI_ParmsBase.h(868,10): message : see declaration of 'std::vector<std::vector<int,std::allocator<int>>,std::allocator<std::vector<int,std::allocator<int>>>>'
C:\Users\alada\JC_Code\JC-SDKIntegration\CameraCodeFW151\SDK&Demo_V2.5.1.230517\SDK\C++\include\JcSmartDevice2.0\SI_ParmsBase.h(869,35): warning C4251: 'JC::JcNotifyCalibtData::m_vecGainVal': class 'std::vector<std::vector<int,std::allocator<int>>,std::allocator<std::vector<int,std::allocator<int>>>>' needs to have dll-interface to be used by clients of class 'JC::JcNotifyCalibtData'
C:\Users\alada\JC_Code\JC-SDKIntegration\CameraCodeFW151\SDK&Demo_V2.5.1.230517\SDK\C++\include\JcSmartDevice2.0\SI_ParmsBase.h(868,10): message : see declaration of 'std::vector<std::vector<int,std::allocator<int>>,std::allocator<std::vector<int,std::allocator<int>>>>'
C:\Users\alada\JC_Code\JC-SDKIntegration\CameraCodeFW151\SDK&Demo_V2.5.1.230517\SDK\C++\include\JcSmartDevice2.0\SI_CmParam.h(73,17): warning C4251: 'JC::JcTaskParam::m_strAutoExpName': class 'std::basic_string<char,std::char_traits<char>,std::allocator<char>>' needs to have dll-interface to be used by clients of class 'JC::JcTaskParam'
C:\Program Files\Microsoft Visual Studio\2022\Community\VC\Tools\MSVC\14.36.32532\include\xstring(5155,29): message : see declaration of 'std::basic_string<char,std::char_traits<char>,std::allocator<char>>'
C:\Users\alada\JC_Code\JC-SDKIntegration\CameraCodeFW151\SDK&Demo_V2.5.1.230517\SDK\C++\include\JcSmartDevice2.0\SI_CmParam.h(90,17): warning C4251: 'JC::JcPatternParam::m_strPtnName': class 'std::basic_string<char,std::char_traits<char>,std::allocator<char>>' needs to have dll-interface to be used by clients of class 'JC::JcPatternParam'
C:\Program Files\Microsoft Visual Studio\2022\Community\VC\Tools\MSVC\14.36.32532\include\xstring(5155,29): message : see declaration of 'std::basic_string<char,std::char_traits<char>,std::allocator<char>>'
C:\Users\alada\JC_Code\JC-SDKIntegration\CameraCodeFW151\SDK&Demo_V2.5.1.230517\SDK\C++\include\JcSmartDevice2.0\SI_CmParam.h(92,17): warning C4251: 'JC::JcPatternParam::m_strCalibFile': class 'std::basic_string<char,std::char_traits<char>,std::allocator<char>>' needs to have dll-interface to be used by clients of class 'JC::JcPatternParam'
C:\Program Files\Microsoft Visual Studio\2022\Community\VC\Tools\MSVC\14.36.32532\include\xstring(5155,29): message : see declaration of 'std::basic_string<char,std::char_traits<char>,std::allocator<char>>'
C:\Users\alada\JC_Code\JC-SDKIntegration\CameraCodeFW151\SDK&Demo_V2.5.1.230517\SDK\C++\include\JcSmartDevice2.0\SI_CmParam.h(93,17): warning C4251: 'JC::JcPatternParam::m_strPreFile': class 'std::basic_string<char,std::char_traits<char>,std::allocator<char>>' needs to have dll-interface to be used by clients of class 'JC::JcPatternParam'
C:\Program Files\Microsoft Visual Studio\2022\Community\VC\Tools\MSVC\14.36.32532\include\xstring(5155,29): message : see declaration of 'std::basic_string<char,std::char_traits<char>,std::allocator<char>>'
C:\Users\alada\JC_Code\JC-SDKIntegration\CameraCodeFW151\SDK&Demo_V2.5.1.230517\SDK\C++\include\JcSmartDevice2.0\SI_CmParam.h(107,30): warning C4251: 'JC::JcPatternParam::m_vecTask': class 'std::vector<JC::JcTaskParam,std::allocator<JC::JcTaskParam>>' needs to have dll-interface to be used by clients of class 'JC::JcPatternParam'
C:\Users\alada\JC_Code\JC-SDKIntegration\CameraCodeFW151\SDK&Demo_V2.5.1.230517\SDK\C++\include\JcSmartDevice2.0\SI_CmParam.h(85,10): message : see declaration of 'std::vector<JC::JcTaskParam,std::allocator<JC::JcTaskParam>>'
C:\Users\alada\JC_Code\JC-SDKIntegration\CameraCodeFW151\SDK&Demo_V2.5.1.230517\SDK\C++\include\JcSmartDevice2.0\SI_CmParam.h(124,17): warning C4251: 'JC::JcBlockParam::m_strCornerInfo': class 'std::basic_string<char,std::char_traits<char>,std::allocator<char>>' needs to have dll-interface to be used by clients of class 'JC::JcBlockParam'
C:\Program Files\Microsoft Visual Studio\2022\Community\VC\Tools\MSVC\14.36.32532\include\xstring(5155,29): message : see declaration of 'std::basic_string<char,std::char_traits<char>,std::allocator<char>>'
C:\Users\alada\JC_Code\JC-SDKIntegration\CameraCodeFW151\SDK&Demo_V2.5.1.230517\SDK\C++\include\JcSmartDevice2.0\SI_CmParam.h(209,17): warning C4251: 'JC::JcFlowPtnsParam::m_strSpecCalibFile': class 'std::basic_string<char,std::char_traits<char>,std::allocator<char>>' needs to have dll-interface to be used by clients of class 'JC::JcFlowPtnsParam'
C:\Program Files\Microsoft Visual Studio\2022\Community\VC\Tools\MSVC\14.36.32532\include\xstring(5155,29): message : see declaration of 'std::basic_string<char,std::char_traits<char>,std::allocator<char>>'
C:\Users\alada\JC_Code\JC-SDKIntegration\CameraCodeFW151\SDK&Demo_V2.5.1.230517\SDK\C++\include\JcSmartDevice2.0\SI_CmParam.h(211,33): warning C4251: 'JC::JcFlowPtnsParam::m_vecPtn': class 'std::vector<JC::JcPatternParam,std::allocator<JC::JcPatternParam>>' needs to have dll-interface to be used by clients of class 'JC::JcFlowPtnsParam'
C:\Users\alada\JC_Code\JC-SDKIntegration\CameraCodeFW151\SDK&Demo_V2.5.1.230517\SDK\C++\include\JcSmartDevice2.0\SI_CmParam.h(194,10): message : see declaration of 'std::vector<JC::JcPatternParam,std::allocator<JC::JcPatternParam>>'
C:\Users\alada\JC_Code\JC-SDKIntegration\CameraCodeFW151\SDK&Demo_V2.5.1.230517\SDK\C++\include\JcSmartDevice2.0\SI_CmParam.h(393,23): warning C4251: 'JC::JcMainFlowParam::m_p': class 'std::shared_ptr<JC::JcParamPrivate>' needs to have dll-interface to be used by clients of class 'JC::JcMainFlowParam'
C:\Users\alada\JC_Code\JC-SDKIntegration\CameraCodeFW151\SDK&Demo_V2.5.1.230517\SDK\C++\include\JcSmartDevice2.0\SI_CmParam.h(215,14): message : see declaration of 'std::shared_ptr<JC::JcParamPrivate>'
C:\Users\alada\JC_Code\JC-SDKIntegration\CameraCodeFW151\SDK&Demo_V2.5.1.230517\SDK\C++\include\JcSmartDevice2.0\SI_CmParam.h(408,17): warning C4251: 'JC::JcMeasure::m_strOrgDataPath': class 'std::basic_string<char,std::char_traits<char>,std::allocator<char>>' needs to have dll-interface to be used by clients of class 'JC::JcMeasure'
C:\Program Files\Microsoft Visual Studio\2022\Community\VC\Tools\MSVC\14.36.32532\include\xstring(5155,29): message : see declaration of 'std::basic_string<char,std::char_traits<char>,std::allocator<char>>'
C:\Users\alada\JC_Code\JC-SDKIntegration\CameraCodeFW151\SDK&Demo_V2.5.1.230517\SDK\C++\include\JcSmartDevice2.0\SI_CmParam.h(436,25): warning C4251: 'JC::JcNotifyMeasureData::m_tMatList': class 'std::list<cv::Mat,std::allocator<cv::Mat>>' needs to have dll-interface to be used by clients of class 'JC::JcNotifyMeasureData'
C:\Users\alada\JC_Code\JC-SDKIntegration\CameraCodeFW151\SDK&Demo_V2.5.1.230517\SDK\C++\include\JcSmartDevice2.0\SI_CmParam.h(436,10): message : see declaration of 'std::list<cv::Mat,std::allocator<cv::Mat>>'
C:\Program Files\Microsoft Visual Studio\2022\Community\VC\Tools\MSVC\14.36.32532\include\xmemory(2096,9): error C2079: 'std::_Wrap<_Ty>::_Value' uses undefined class 'JC::JcSmartDevInterface'
          with
          [
              _Ty=JC::JcSmartDevInterface
          ]
C:\Program Files\Microsoft Visual Studio\2022\Community\VC\Tools\MSVC\14.36.32532\include\memory(2105,1): message : see reference to class template instantiation 'std::_Wrap<_Ty>' being compiled
          with
          [
              _Ty=JC::JcSmartDevInterface
          ]
C:\Program Files\Microsoft Visual Studio\2022\Community\VC\Tools\MSVC\14.36.32532\include\memory(2764): message : see reference to class template instantiation 'std::_Ref_count_obj2<JC::JcSmartDevInterface>' being compiled
C:\Users\alada\JC_Code\JC-SDKIntegration\CameraCodeFW151\CameraCodeFW151.cpp(18,33): message : see reference to function template instantiation 'std::shared_ptr<JC::JcSmartDevInterface> std::make_shared<JC::JcSmartDevInterface,>(void)' being compiled
